This is pdfTeX, Version 3.14159265-2.6-1.40.16 (TeX Live 2015/Arch Linux) (preloaded format=pdflatex 2015.11.15)  5 DEC 2015 23:01
entering extended mode
 restricted \write18 enabled.
 %&-line parsing enabled.
**report.tex
(./report.tex
LaTeX2e <2015/10/01> patch level 2
Babel <3.9m> and hyphenation patterns for 79 languages loaded.
(/usr/share/texmf-dist/tex/latex/IEEEtran/IEEEtran.cls
Document Class: IEEEtran 2015/08/26 V1.8b by Michael Shell
-- See the "IEEEtran_HOWTO" manual for usage information.
-- http://www.michaelshell.org/tex/ieeetran/
\@IEEEtrantmpdimenA=\dimen102
\@IEEEtrantmpdimenB=\dimen103
\@IEEEtrantmpdimenC=\dimen104
\@IEEEtrantmpcountA=\count79
\@IEEEtrantmpcountB=\count80
\@IEEEtrantmpcountC=\count81
\@IEEEtrantmptoksA=\toks14
LaTeX Font Info:    Try loading font information for OT1+ptm on input line 503.

(/usr/share/texmf-dist/tex/latex/psnfss/ot1ptm.fd
File: ot1ptm.fd 2001/06/04 font definitions for OT1/ptm.
)
-- Using 8.5in x 11in (letter) paper.
-- Using PDF output.
\@IEEEnormalsizeunitybaselineskip=\dimen105
-- This is a 10 point document.
\CLASSINFOnormalsizebaselineskip=\dimen106
\CLASSINFOnormalsizeunitybaselineskip=\dimen107
\IEEEnormaljot=\dimen108
LaTeX Font Info:    Font shape `OT1/ptm/bx/n' in size <5> not available
(Font)              Font shape `OT1/ptm/b/n' tried instead on input line 1090.
LaTeX Font Info:    Font shape `OT1/ptm/bx/it' in size <5> not available
(Font)              Font shape `OT1/ptm/b/it' tried instead on input line 1090.

LaTeX Font Info:    Font shape `OT1/ptm/bx/n' in size <7> not available
(Font)              Font shape `OT1/ptm/b/n' tried instead on input line 1090.
LaTeX Font Info:    Font shape `OT1/ptm/bx/it' in size <7> not available
(Font)              Font shape `OT1/ptm/b/it' tried instead on input line 1090.

LaTeX Font Info:    Font shape `OT1/ptm/bx/n' in size <8> not available
(Font)              Font shape `OT1/ptm/b/n' tried instead on input line 1090.
LaTeX Font Info:    Font shape `OT1/ptm/bx/it' in size <8> not available
(Font)              Font shape `OT1/ptm/b/it' tried instead on input line 1090.

LaTeX Font Info:    Font shape `OT1/ptm/bx/n' in size <9> not available
(Font)              Font shape `OT1/ptm/b/n' tried instead on input line 1090.
LaTeX Font Info:    Font shape `OT1/ptm/bx/it' in size <9> not available
(Font)              Font shape `OT1/ptm/b/it' tried instead on input line 1090.

LaTeX Font Info:    Font shape `OT1/ptm/bx/n' in size <10> not available
(Font)              Font shape `OT1/ptm/b/n' tried instead on input line 1090.
LaTeX Font Info:    Font shape `OT1/ptm/bx/it' in size <10> not available
(Font)              Font shape `OT1/ptm/b/it' tried instead on input line 1090.

LaTeX Font Info:    Font shape `OT1/ptm/bx/n' in size <11> not available
(Font)              Font shape `OT1/ptm/b/n' tried instead on input line 1090.
LaTeX Font Info:    Font shape `OT1/ptm/bx/it' in size <11> not available
(Font)              Font shape `OT1/ptm/b/it' tried instead on input line 1090.

LaTeX Font Info:    Font shape `OT1/ptm/bx/n' in size <12> not available
(Font)              Font shape `OT1/ptm/b/n' tried instead on input line 1090.
LaTeX Font Info:    Font shape `OT1/ptm/bx/it' in size <12> not available
(Font)              Font shape `OT1/ptm/b/it' tried instead on input line 1090.

LaTeX Font Info:    Font shape `OT1/ptm/bx/n' in size <17> not available
(Font)              Font shape `OT1/ptm/b/n' tried instead on input line 1090.
LaTeX Font Info:    Font shape `OT1/ptm/bx/it' in size <17> not available
(Font)              Font shape `OT1/ptm/b/it' tried instead on input line 1090.

LaTeX Font Info:    Font shape `OT1/ptm/bx/n' in size <20> not available
(Font)              Font shape `OT1/ptm/b/n' tried instead on input line 1090.
LaTeX Font Info:    Font shape `OT1/ptm/bx/it' in size <20> not available
(Font)              Font shape `OT1/ptm/b/it' tried instead on input line 1090.

LaTeX Font Info:    Font shape `OT1/ptm/bx/n' in size <24> not available
(Font)              Font shape `OT1/ptm/b/n' tried instead on input line 1090.
LaTeX Font Info:    Font shape `OT1/ptm/bx/it' in size <24> not available
(Font)              Font shape `OT1/ptm/b/it' tried instead on input line 1090.

\IEEEquantizedlength=\dimen109
\IEEEquantizedlengthdiff=\dimen110
\IEEEquantizedtextheightdiff=\dimen111
\IEEEilabelindentA=\dimen112
\IEEEilabelindentB=\dimen113
\IEEEilabelindent=\dimen114
\IEEEelabelindent=\dimen115
\IEEEdlabelindent=\dimen116
\IEEElabelindent=\dimen117
\IEEEiednormlabelsep=\dimen118
\IEEEiedmathlabelsep=\dimen119
\IEEEiedtopsep=\skip41
\c@section=\count82
\c@subsection=\count83
\c@subsubsection=\count84
\c@paragraph=\count85
\c@IEEEsubequation=\count86
\abovecaptionskip=\skip42
\belowcaptionskip=\skip43
\c@figure=\count87
\c@table=\count88
\@IEEEeqnnumcols=\count89
\@IEEEeqncolcnt=\count90
\@IEEEsubeqnnumrollback=\count91
\@IEEEquantizeheightA=\dimen120
\@IEEEquantizeheightB=\dimen121
\@IEEEquantizeheightC=\dimen122
\@IEEEquantizeprevdepth=\dimen123
\@IEEEquantizemultiple=\count92
\@IEEEquantizeboxA=\box26
\@IEEEtmpitemindent=\dimen124
\IEEEPARstartletwidth=\dimen125
\c@IEEEbiography=\count93
\@IEEEtranrubishbin=\box27
) (/usr/share/texmf-dist/tex/latex/url/url.sty
\Urlmuskip=\muskip10
Package: url 2013/09/16  ver 3.4  Verb mode for urls, etc.
)
(/usr/share/texmf-dist/tex/latex/hyperref/hyperref.sty
Package: hyperref 2012/11/06 v6.83m Hypertext links for LaTeX

(/usr/share/texmf-dist/tex/generic/oberdiek/hobsub-hyperref.sty
Package: hobsub-hyperref 2012/05/28 v1.13 Bundle oberdiek, subset hyperref (HO)


(/usr/share/texmf-dist/tex/generic/oberdiek/hobsub-generic.sty
Package: hobsub-generic 2012/05/28 v1.13 Bundle oberdiek, subset generic (HO)
Package: hobsub 2012/05/28 v1.13 Construct package bundles (HO)
Package: infwarerr 2010/04/08 v1.3 Providing info/warning/error messages (HO)
Package: ltxcmds 2011/11/09 v1.22 LaTeX kernel commands for general use (HO)
Package: ifluatex 2010/03/01 v1.3 Provides the ifluatex switch (HO)
Package ifluatex Info: LuaTeX not detected.
Package: ifvtex 2010/03/01 v1.5 Detect VTeX and its facilities (HO)
Package ifvtex Info: VTeX not detected.
Package: intcalc 2007/09/27 v1.1 Expandable calculations with integers (HO)
Package: ifpdf 2011/01/30 v2.3 Provides the ifpdf switch (HO)
Package ifpdf Info: pdfTeX in PDF mode is detected.
Package: etexcmds 2011/02/16 v1.5 Avoid name clashes with e-TeX commands (HO)
Package etexcmds Info: Could not find \expanded.
(etexcmds)             That can mean that you are not using pdfTeX 1.50 or
(etexcmds)             that some package has redefined \expanded.
(etexcmds)             In the latter case, load this package earlier.
Package: kvsetkeys 2012/04/25 v1.16 Key value parser (HO)
Package: kvdefinekeys 2011/04/07 v1.3 Define keys (HO)
Package: pdftexcmds 2011/11/29 v0.20 Utility functions of pdfTeX for LuaTeX (HO
)
Package pdftexcmds Info: LuaTeX not detected.
Package pdftexcmds Info: \pdf@primitive is available.
Package pdftexcmds Info: \pdf@ifprimitive is available.
Package pdftexcmds Info: \pdfdraftmode found.
Package: pdfescape 2011/11/25 v1.13 Implements pdfTeX's escape features (HO)
Package: bigintcalc 2012/04/08 v1.3 Expandable calculations on big integers (HO
)
Package: bitset 2011/01/30 v1.1 Handle bit-vector datatype (HO)
Package: uniquecounter 2011/01/30 v1.2 Provide unlimited unique counter (HO)
)
Package hobsub Info: Skipping package `hobsub' (already loaded).
Package: letltxmacro 2010/09/02 v1.4 Let assignment for LaTeX macros (HO)
Package: hopatch 2012/05/28 v1.2 Wrapper for package hooks (HO)
Package: xcolor-patch 2011/01/30 xcolor patch
Package: atveryend 2011/06/30 v1.8 Hooks at the very end of document (HO)
Package atveryend Info: \enddocument detected (standard20110627).
Package: atbegshi 2011/10/05 v1.16 At begin shipout hook (HO)
Package: refcount 2011/10/16 v3.4 Data extraction from label references (HO)
Package: hycolor 2011/01/30 v1.7 Color options for hyperref/bookmark (HO)
)
(/usr/share/texmf-dist/tex/latex/graphics/keyval.sty
Package: keyval 2014/10/28 v1.15 key=value parser (DPC)
\KV@toks@=\toks15
)
(/usr/share/texmf-dist/tex/generic/ifxetex/ifxetex.sty
Package: ifxetex 2010/09/12 v0.6 Provides ifxetex conditional
)
(/usr/share/texmf-dist/tex/latex/oberdiek/auxhook.sty
Package: auxhook 2011/03/04 v1.3 Hooks for auxiliary files (HO)
)
(/usr/share/texmf-dist/tex/latex/oberdiek/kvoptions.sty
Package: kvoptions 2011/06/30 v3.11 Key value format for package options (HO)
)
\@linkdim=\dimen126
\Hy@linkcounter=\count94
\Hy@pagecounter=\count95

(/usr/share/texmf-dist/tex/latex/hyperref/pd1enc.def
File: pd1enc.def 2012/11/06 v6.83m Hyperref: PDFDocEncoding definition (HO)
)
\Hy@SavedSpaceFactor=\count96

(/usr/share/texmf-dist/tex/latex/latexconfig/hyperref.cfg
File: hyperref.cfg 2002/06/06 v1.2 hyperref configuration of TeXLive
)
Package hyperref Info: Option `bookmarksnumbered' set `true' on input line 4319
.
Package hyperref Info: Option `breaklinks' set `true' on input line 4319.
Package hyperref Info: Hyper figures OFF on input line 4443.
Package hyperref Info: Link nesting OFF on input line 4448.
Package hyperref Info: Hyper index ON on input line 4451.
Package hyperref Info: Plain pages OFF on input line 4458.
Package hyperref Info: Backreferencing OFF on input line 4463.
Package hyperref Info: Implicit mode ON; LaTeX internals redefined.
Package hyperref Info: Bookmarks ON on input line 4688.
\c@Hy@tempcnt=\count97
LaTeX Info: Redefining \url on input line 5041.
\XeTeXLinkMargin=\dimen127
\Fld@menulength=\count98
\Field@Width=\dimen128
\Fld@charsize=\dimen129
Package hyperref Info: Hyper figures OFF on input line 6295.
Package hyperref Info: Link nesting OFF on input line 6300.
Package hyperref Info: Hyper index ON on input line 6303.
Package hyperref Info: backreferencing OFF on input line 6310.
Package hyperref Info: Link coloring OFF on input line 6315.
Package hyperref Info: Link coloring with OCG OFF on input line 6320.
Package hyperref Info: PDF/A mode OFF on input line 6325.
LaTeX Info: Redefining \ref on input line 6365.
LaTeX Info: Redefining \pageref on input line 6369.
\Hy@abspage=\count99
\c@Item=\count100
\c@Hfootnote=\count101
)

Package hyperref Message: Driver: hpdftex.

(/usr/share/texmf-dist/tex/latex/hyperref/hpdftex.def
File: hpdftex.def 2012/11/06 v6.83m Hyperref driver for pdfTeX
\Fld@listcount=\count102
\c@bookmark@seq@number=\count103

(/usr/share/texmf-dist/tex/latex/oberdiek/rerunfilecheck.sty
Package: rerunfilecheck 2011/04/15 v1.7 Rerun checks for auxiliary files (HO)
Package uniquecounter Info: New unique counter `rerunfilecheck' on input line 2
82.
)
\Hy@SectionHShift=\skip44
)
(/usr/share/texmf-dist/tex/latex/amsfonts/amssymb.sty
Package: amssymb 2013/01/14 v3.01 AMS font symbols

(/usr/share/texmf-dist/tex/latex/amsfonts/amsfonts.sty
Package: amsfonts 2013/01/14 v3.01 Basic AMSFonts support
\@emptytoks=\toks16
\symAMSa=\mathgroup4
\symAMSb=\mathgroup5
LaTeX Font Info:    Overwriting math alphabet `\mathfrak' in version `bold'
(Font)                  U/euf/m/n --> U/euf/b/n on input line 106.
))
(/usr/share/texmf-dist/tex/latex/amsmath/amsmath.sty
Package: amsmath 2013/01/14 v2.14 AMS math features
\@mathmargin=\skip45

For additional information on amsmath, use the `?' option.
(/usr/share/texmf-dist/tex/latex/amsmath/amstext.sty
Package: amstext 2000/06/29 v2.01

(/usr/share/texmf-dist/tex/latex/amsmath/amsgen.sty
File: amsgen.sty 1999/11/30 v2.0
\@emptytoks=\toks17
\ex@=\dimen130
))
(/usr/share/texmf-dist/tex/latex/amsmath/amsbsy.sty
Package: amsbsy 1999/11/29 v1.2d
\pmbraise@=\dimen131
)
(/usr/share/texmf-dist/tex/latex/amsmath/amsopn.sty
Package: amsopn 1999/12/14 v2.01 operator names
)
\inf@bad=\count104
LaTeX Info: Redefining \frac on input line 210.
\uproot@=\count105
\leftroot@=\count106
LaTeX Info: Redefining \overline on input line 306.
\classnum@=\count107
\DOTSCASE@=\count108
LaTeX Info: Redefining \ldots on input line 378.
LaTeX Info: Redefining \dots on input line 381.
LaTeX Info: Redefining \cdots on input line 466.
\Mathstrutbox@=\box28
\strutbox@=\box29
\big@size=\dimen132
LaTeX Font Info:    Redeclaring font encoding OML on input line 566.
LaTeX Font Info:    Redeclaring font encoding OMS on input line 567.
\macc@depth=\count109
\c@MaxMatrixCols=\count110
\dotsspace@=\muskip11
\c@parentequation=\count111
\dspbrk@lvl=\count112
\tag@help=\toks18
\row@=\count113
\column@=\count114
\maxfields@=\count115
\andhelp@=\toks19
\eqnshift@=\dimen133
\alignsep@=\dimen134
\tagshift@=\dimen135
\tagwidth@=\dimen136
\totwidth@=\dimen137
\lineht@=\dimen138
\@envbody=\toks20
\multlinegap=\skip46
\multlinetaggap=\skip47
\mathdisplay@stack=\toks21
LaTeX Info: Redefining \[ on input line 2665.
LaTeX Info: Redefining \] on input line 2666.
)
(/usr/share/texmf-dist/tex/latex/caption/caption.sty
Package: caption 2015/09/17 v3.3-111 Customizing captions (AR)

(/usr/share/texmf-dist/tex/latex/caption/caption3.sty
Package: caption3 2015/09/20 v1.7-115 caption3 kernel (AR)
Package caption3 Info: TeX engine: e-TeX on input line 57.
\captionmargin=\dimen139
\captionmargin@=\dimen140
\captionwidth=\dimen141
\caption@tempdima=\dimen142
\caption@indent=\dimen143
\caption@parindent=\dimen144
\caption@hangindent=\dimen145
Package caption Info: Unknown document class (or package),
(caption)             standard defaults will be used.
)

Package caption Warning: Unsupported document class (or package) detected,
(caption)                usage of the caption package is not recommended.
See the caption package documentation for explanation.

Package caption Info: \@makecaption = \long macro:#1#2->\ifx \@captype \@IEEEta
blestring \footnotesize \bgroup \par \centering \@IEEEtabletopskipstrut {\norma
lfont \footnotesize #1}\\{\normalfont \footnotesize \scshape #2}\par \addvspace
 {0.5\baselineskip }\egroup \@IEEEtablecaptionsepspace \else \@IEEEfigurecaptio
nsepspace \setbox \@tempboxa \hbox {\normalfont \footnotesize {#1.}\nobreakspac
e \nobreakspace #2}\ifdim \wd \@tempboxa >\hsize \setbox \@tempboxa \hbox {\nor
malfont \footnotesize {#1.}\nobreakspace \nobreakspace }\parbox [t]{\hsize }{\n
ormalfont \footnotesize \noindent \unhbox \@tempboxa #2}\else \ifCLASSOPTIONcon
ference \hbox to\hsize {\normalfont \footnotesize \hfil \box \@tempboxa \hfil }
\else \hbox to\hsize {\normalfont \footnotesize \box \@tempboxa \hfil }\fi \fi 
\fi .
\c@ContinuedFloat=\count116
Package caption Info: hyperref package is loaded.
) (/usr/share/texmf-dist/tex/latex/amsrefs/amsrefs.sty
Package: amsrefs 2013/03/07 v2.14

(/usr/share/texmf-dist/tex/latex/amsrefs/pcatcode.sty
Package: pcatcode 2002/04/16 v1.04
)
(/usr/share/texmf-dist/tex/latex/amsrefs/ifoption.sty
Package: ifoption 2002/03/04 v1.02
)
(/usr/share/texmf-dist/tex/latex/amsrefs/rkeyval.sty
Package: rkeyval 2004/05/05 v1.08
\@temptokenb=\toks22
\rsk@toks=\toks23
)
(/usr/share/texmf-dist/tex/latex/amsrefs/textcmds.sty
Package: textcmds 2012/08/02 v2.00
)
(/usr/share/texmf-dist/tex/latex/amsrefs/mathscinet.sty
Package: mathscinet 2002/04/17 v1.05
)
\c@bib=\count117
\@maxlabelwidth=\dimen146
\c@bib@env=\count118
\bib@dbfile=\read1
\alpha@suffix=\count119
\series@index=\count120
)
(/usr/share/texmf-dist/tex/latex/psnfss/courier.sty
Package: courier 2005/04/12 PSNFSS-v9.2a (WaS) 
)
(/usr/share/texmf-dist/tex/latex/graphics/graphicx.sty
Package: graphicx 2014/10/28 v1.0g Enhanced LaTeX Graphics (DPC,SPQR)

(/usr/share/texmf-dist/tex/latex/graphics/graphics.sty
Package: graphics 2014/10/28 v1.0p Standard LaTeX Graphics (DPC,SPQR)

(/usr/share/texmf-dist/tex/latex/graphics/trig.sty
Package: trig 1999/03/16 v1.09 sin cos tan (DPC)
)
(/usr/share/texmf-dist/tex/latex/latexconfig/graphics.cfg
File: graphics.cfg 2010/04/23 v1.9 graphics configuration of TeX Live
)
Package graphics Info: Driver file: pdftex.def on input line 94.

(/usr/share/texmf-dist/tex/latex/pdftex-def/pdftex.def
File: pdftex.def 2011/05/27 v0.06d Graphics/color for pdfTeX
\Gread@gobject=\count121
))
\Gin@req@height=\dimen147
\Gin@req@width=\dimen148
)
(/usr/share/texmf-dist/tex/latex/psnfss/bookman.sty
Package: bookman 2005/04/12 PSNFSS-v9.2a (SPQR) 
)
(/usr/share/texmf-dist/tex/latex/amscls/amsthm.sty
Package: amsthm 2015/03/04 v2.20.2
\thm@style=\toks24
\thm@bodyfont=\toks25
\thm@headfont=\toks26
\thm@notefont=\toks27
\thm@headpunct=\toks28
\thm@preskip=\skip48
\thm@postskip=\skip49
\thm@headsep=\skip50
\dth@everypar=\toks29
)
(/usr/share/texmf-dist/tex/latex/tools/verbatim.sty
Package: verbatim 2014/10/28 v1.5q LaTeX2e package for verbatim enhancements
\every@verbatim=\toks30
\verbatim@line=\toks31
\verbatim@in@stream=\read2
)
(/usr/share/texmf-dist/tex/latex/xcolor/xcolor.sty
Package: xcolor 2007/01/21 v2.11 LaTeX color extensions (UK)

(/usr/share/texmf-dist/tex/latex/latexconfig/color.cfg
File: color.cfg 2007/01/18 v1.5 color configuration of teTeX/TeXLive
)
Package xcolor Info: Driver file: pdftex.def on input line 225.
Package xcolor Info: Model `cmy' substituted by `cmy0' on input line 1337.
Package xcolor Info: Model `hsb' substituted by `rgb' on input line 1341.
Package xcolor Info: Model `RGB' extended on input line 1353.
Package xcolor Info: Model `HTML' substituted by `rgb' on input line 1355.
Package xcolor Info: Model `Hsb' substituted by `hsb' on input line 1356.
Package xcolor Info: Model `tHsb' substituted by `hsb' on input line 1357.
Package xcolor Info: Model `HSB' substituted by `hsb' on input line 1358.
Package xcolor Info: Model `Gray' substituted by `gray' on input line 1359.
Package xcolor Info: Model `wave' substituted by `hsb' on input line 1360.
)
(/usr/share/texmf-dist/tex/latex/setspace/setspace.sty
Package: setspace 2011/12/19 v6.7a set line spacing
)
(/usr/share/texmf-dist/tex/latex/float/float.sty
Package: float 2001/11/08 v1.3d Float enhancements (AL)
\c@float@type=\count122
\float@exts=\toks32
\float@box=\box30
\@float@everytoks=\toks33
\@floatcapt=\box31
)
(/usr/share/texmf-dist/tex/latex/listings/listings.sty
\lst@mode=\count123
\lst@gtempboxa=\box32
\lst@token=\toks34
\lst@length=\count124
\lst@currlwidth=\dimen149
\lst@column=\count125
\lst@pos=\count126
\lst@lostspace=\dimen150
\lst@width=\dimen151
\lst@newlines=\count127
\lst@lineno=\count128
\lst@maxwidth=\dimen152

(/usr/share/texmf-dist/tex/latex/listings/lstmisc.sty
File: lstmisc.sty 2015/06/04 1.6 (Carsten Heinz)
\c@lstnumber=\count129
\lst@skipnumbers=\count130
\lst@framebox=\box33
)
(/usr/share/texmf-dist/tex/latex/listings/listings.cfg
File: listings.cfg 2015/06/04 1.6 listings configuration
))
Package: listings 2015/06/04 1.6 (Carsten Heinz)

(/usr/share/texmf-dist/tex/latex/geometry/geometry.sty
Package: geometry 2010/09/12 v5.6 Page Geometry
\Gm@cnth=\count131
\Gm@cntv=\count132
\c@Gm@tempcnt=\count133
\Gm@bindingoffset=\dimen153
\Gm@wd@mp=\dimen154
\Gm@odd@mp=\dimen155
\Gm@even@mp=\dimen156
\Gm@layoutwidth=\dimen157
\Gm@layoutheight=\dimen158
\Gm@layouthoffset=\dimen159
\Gm@layoutvoffset=\dimen160
\Gm@dimlist=\toks35
)
\c@definition=\count134
\c@theorem=\count135
 (./report.aux)
\openout1 = `report.aux'.

LaTeX Font Info:    Checking defaults for OML/cmm/m/it on input line 25.
LaTeX Font Info:    ... okay on input line 25.
LaTeX Font Info:    Checking defaults for T1/cmr/m/n on input line 25.
LaTeX Font Info:    ... okay on input line 25.
LaTeX Font Info:    Checking defaults for OT1/cmr/m/n on input line 25.
LaTeX Font Info:    ... okay on input line 25.
LaTeX Font Info:    Checking defaults for OMS/cmsy/m/n on input line 25.
LaTeX Font Info:    ... okay on input line 25.
LaTeX Font Info:    Checking defaults for OMX/cmex/m/n on input line 25.
LaTeX Font Info:    ... okay on input line 25.
LaTeX Font Info:    Checking defaults for U/cmr/m/n on input line 25.
LaTeX Font Info:    ... okay on input line 25.
LaTeX Font Info:    Checking defaults for PD1/pdf/m/n on input line 25.
LaTeX Font Info:    ... okay on input line 25.
LaTeX Font Info:    Try loading font information for OT1+pbk on input line 25.

(/usr/share/texmf-dist/tex/latex/psnfss/ot1pbk.fd
File: ot1pbk.fd 2001/06/04 font definitions for OT1/pbk.
)
LaTeX Font Info:    Font shape `OT1/pbk/m/n' in size <10> not available
(Font)              Font shape `OT1/pbk/l/n' tried instead on input line 25.
LaTeX Font Info:    Font shape `OT1/pbk/m/n' in size <5> not available
(Font)              Font shape `OT1/pbk/l/n' tried instead on input line 25.
LaTeX Font Info:    Font shape `OT1/pbk/bx/n' in size <5> not available
(Font)              Font shape `OT1/pbk/b/n' tried instead on input line 25.
LaTeX Font Info:    Font shape `OT1/pbk/b/n' in size <5> not available
(Font)              Font shape `OT1/pbk/db/n' tried instead on input line 25.
LaTeX Font Info:    Font shape `OT1/pbk/m/it' in size <5> not available
(Font)              Font shape `OT1/pbk/l/it' tried instead on input line 25.
LaTeX Font Info:    Font shape `OT1/pbk/bx/it' in size <5> not available
(Font)              Font shape `OT1/pbk/b/it' tried instead on input line 25.
LaTeX Font Info:    Font shape `OT1/pbk/b/it' in size <5> not available
(Font)              Font shape `OT1/pbk/db/it' tried instead on input line 25.
LaTeX Font Info:    Font shape `OT1/pbk/m/n' in size <7> not available
(Font)              Font shape `OT1/pbk/l/n' tried instead on input line 25.
LaTeX Font Info:    Font shape `OT1/pbk/bx/n' in size <7> not available
(Font)              Font shape `OT1/pbk/b/n' tried instead on input line 25.
LaTeX Font Info:    Font shape `OT1/pbk/b/n' in size <7> not available
(Font)              Font shape `OT1/pbk/db/n' tried instead on input line 25.
LaTeX Font Info:    Font shape `OT1/pbk/m/it' in size <7> not available
(Font)              Font shape `OT1/pbk/l/it' tried instead on input line 25.
LaTeX Font Info:    Font shape `OT1/pbk/bx/it' in size <7> not available
(Font)              Font shape `OT1/pbk/b/it' tried instead on input line 25.
LaTeX Font Info:    Font shape `OT1/pbk/b/it' in size <7> not available
(Font)              Font shape `OT1/pbk/db/it' tried instead on input line 25.
LaTeX Font Info:    Font shape `OT1/pbk/m/n' in size <8> not available
(Font)              Font shape `OT1/pbk/l/n' tried instead on input line 25.
LaTeX Font Info:    Font shape `OT1/pbk/bx/n' in size <8> not available
(Font)              Font shape `OT1/pbk/b/n' tried instead on input line 25.
LaTeX Font Info:    Font shape `OT1/pbk/b/n' in size <8> not available
(Font)              Font shape `OT1/pbk/db/n' tried instead on input line 25.
LaTeX Font Info:    Font shape `OT1/pbk/m/it' in size <8> not available
(Font)              Font shape `OT1/pbk/l/it' tried instead on input line 25.
LaTeX Font Info:    Font shape `OT1/pbk/bx/it' in size <8> not available
(Font)              Font shape `OT1/pbk/b/it' tried instead on input line 25.
LaTeX Font Info:    Font shape `OT1/pbk/b/it' in size <8> not available
(Font)              Font shape `OT1/pbk/db/it' tried instead on input line 25.
LaTeX Font Info:    Font shape `OT1/pbk/m/n' in size <9> not available
(Font)              Font shape `OT1/pbk/l/n' tried instead on input line 25.
LaTeX Font Info:    Font shape `OT1/pbk/bx/n' in size <9> not available
(Font)              Font shape `OT1/pbk/b/n' tried instead on input line 25.
LaTeX Font Info:    Font shape `OT1/pbk/b/n' in size <9> not available
(Font)              Font shape `OT1/pbk/db/n' tried instead on input line 25.
LaTeX Font Info:    Font shape `OT1/pbk/m/it' in size <9> not available
(Font)              Font shape `OT1/pbk/l/it' tried instead on input line 25.
LaTeX Font Info:    Font shape `OT1/pbk/bx/it' in size <9> not available
(Font)              Font shape `OT1/pbk/b/it' tried instead on input line 25.
LaTeX Font Info:    Font shape `OT1/pbk/b/it' in size <9> not available
(Font)              Font shape `OT1/pbk/db/it' tried instead on input line 25.
LaTeX Font Info:    Font shape `OT1/pbk/bx/n' in size <10> not available
(Font)              Font shape `OT1/pbk/b/n' tried instead on input line 25.
LaTeX Font Info:    Font shape `OT1/pbk/b/n' in size <10> not available
(Font)              Font shape `OT1/pbk/db/n' tried instead on input line 25.
LaTeX Font Info:    Font shape `OT1/pbk/m/it' in size <10> not available
(Font)              Font shape `OT1/pbk/l/it' tried instead on input line 25.
LaTeX Font Info:    Font shape `OT1/pbk/bx/it' in size <10> not available
(Font)              Font shape `OT1/pbk/b/it' tried instead on input line 25.
LaTeX Font Info:    Font shape `OT1/pbk/b/it' in size <10> not available
(Font)              Font shape `OT1/pbk/db/it' tried instead on input line 25.
LaTeX Font Info:    Font shape `OT1/pbk/m/n' in size <11> not available
(Font)              Font shape `OT1/pbk/l/n' tried instead on input line 25.
LaTeX Font Info:    Font shape `OT1/pbk/bx/n' in size <11> not available
(Font)              Font shape `OT1/pbk/b/n' tried instead on input line 25.
LaTeX Font Info:    Font shape `OT1/pbk/b/n' in size <11> not available
(Font)              Font shape `OT1/pbk/db/n' tried instead on input line 25.
LaTeX Font Info:    Font shape `OT1/pbk/m/it' in size <11> not available
(Font)              Font shape `OT1/pbk/l/it' tried instead on input line 25.
LaTeX Font Info:    Font shape `OT1/pbk/bx/it' in size <11> not available
(Font)              Font shape `OT1/pbk/b/it' tried instead on input line 25.
LaTeX Font Info:    Font shape `OT1/pbk/b/it' in size <11> not available
(Font)              Font shape `OT1/pbk/db/it' tried instead on input line 25.
LaTeX Font Info:    Font shape `OT1/pbk/m/n' in size <12> not available
(Font)              Font shape `OT1/pbk/l/n' tried instead on input line 25.
LaTeX Font Info:    Font shape `OT1/pbk/bx/n' in size <12> not available
(Font)              Font shape `OT1/pbk/b/n' tried instead on input line 25.
LaTeX Font Info:    Font shape `OT1/pbk/b/n' in size <12> not available
(Font)              Font shape `OT1/pbk/db/n' tried instead on input line 25.
LaTeX Font Info:    Font shape `OT1/pbk/m/it' in size <12> not available
(Font)              Font shape `OT1/pbk/l/it' tried instead on input line 25.
LaTeX Font Info:    Font shape `OT1/pbk/bx/it' in size <12> not available
(Font)              Font shape `OT1/pbk/b/it' tried instead on input line 25.
LaTeX Font Info:    Font shape `OT1/pbk/b/it' in size <12> not available
(Font)              Font shape `OT1/pbk/db/it' tried instead on input line 25.
LaTeX Font Info:    Font shape `OT1/pbk/m/n' in size <17> not available
(Font)              Font shape `OT1/pbk/l/n' tried instead on input line 25.
LaTeX Font Info:    Font shape `OT1/pbk/bx/n' in size <17> not available
(Font)              Font shape `OT1/pbk/b/n' tried instead on input line 25.
LaTeX Font Info:    Font shape `OT1/pbk/b/n' in size <17> not available
(Font)              Font shape `OT1/pbk/db/n' tried instead on input line 25.
LaTeX Font Info:    Font shape `OT1/pbk/m/it' in size <17> not available
(Font)              Font shape `OT1/pbk/l/it' tried instead on input line 25.
LaTeX Font Info:    Font shape `OT1/pbk/bx/it' in size <17> not available
(Font)              Font shape `OT1/pbk/b/it' tried instead on input line 25.
LaTeX Font Info:    Font shape `OT1/pbk/b/it' in size <17> not available
(Font)              Font shape `OT1/pbk/db/it' tried instead on input line 25.
LaTeX Font Info:    Font shape `OT1/pbk/m/n' in size <20> not available
(Font)              Font shape `OT1/pbk/l/n' tried instead on input line 25.
LaTeX Font Info:    Font shape `OT1/pbk/bx/n' in size <20> not available
(Font)              Font shape `OT1/pbk/b/n' tried instead on input line 25.
LaTeX Font Info:    Font shape `OT1/pbk/b/n' in size <20> not available
(Font)              Font shape `OT1/pbk/db/n' tried instead on input line 25.
LaTeX Font Info:    Font shape `OT1/pbk/m/it' in size <20> not available
(Font)              Font shape `OT1/pbk/l/it' tried instead on input line 25.
LaTeX Font Info:    Font shape `OT1/pbk/bx/it' in size <20> not available
(Font)              Font shape `OT1/pbk/b/it' tried instead on input line 25.
LaTeX Font Info:    Font shape `OT1/pbk/b/it' in size <20> not available
(Font)              Font shape `OT1/pbk/db/it' tried instead on input line 25.
LaTeX Font Info:    Font shape `OT1/pbk/m/n' in size <24> not available
(Font)              Font shape `OT1/pbk/l/n' tried instead on input line 25.
LaTeX Font Info:    Font shape `OT1/pbk/bx/n' in size <24> not available
(Font)              Font shape `OT1/pbk/b/n' tried instead on input line 25.
LaTeX Font Info:    Font shape `OT1/pbk/b/n' in size <24> not available
(Font)              Font shape `OT1/pbk/db/n' tried instead on input line 25.
LaTeX Font Info:    Font shape `OT1/pbk/m/it' in size <24> not available
(Font)              Font shape `OT1/pbk/l/it' tried instead on input line 25.
LaTeX Font Info:    Font shape `OT1/pbk/bx/it' in size <24> not available
(Font)              Font shape `OT1/pbk/b/it' tried instead on input line 25.
LaTeX Font Info:    Font shape `OT1/pbk/b/it' in size <24> not available
(Font)              Font shape `OT1/pbk/db/it' tried instead on input line 25.

-- Lines per column: 54 (approximate, difference = 2.43001pt).
\AtBeginShipoutBox=\box34
Package hyperref Info: Link coloring OFF on input line 25.
(/usr/share/texmf-dist/tex/latex/hyperref/nameref.sty
Package: nameref 2012/10/27 v2.43 Cross-referencing by name of section

(/usr/share/texmf-dist/tex/generic/oberdiek/gettitlestring.sty
Package: gettitlestring 2010/12/03 v1.4 Cleanup title references (HO)
)
\c@section@level=\count136
)
LaTeX Info: Redefining \ref on input line 25.
LaTeX Info: Redefining \pageref on input line 25.
LaTeX Info: Redefining \nameref on input line 25.
 (./report.out) (./report.out)
\@outlinefile=\write3
\openout3 = `report.out'.

Package caption Info: Begin \AtBeginDocument code.
Package caption Info: float package is loaded.
Package caption Info: listings package is loaded.
Package caption Info: End \AtBeginDocument code.
 (/usr/share/texmf-dist/tex/context/base/supp-pdf.mkii
[Loading MPS to PDF converter (version 2006.09.02).]
\scratchcounter=\count137
\scratchdimen=\dimen161
\scratchbox=\box35
\nofMPsegments=\count138
\nofMParguments=\count139
\everyMPshowfont=\toks36
\MPscratchCnt=\count140
\MPscratchDim=\dimen162
\MPnumerator=\count141
\makeMPintoPDFobject=\count142
\everyMPtoPDFconversion=\toks37
) (/usr/share/texmf-dist/tex/latex/oberdiek/epstopdf-base.sty
Package: epstopdf-base 2010/02/09 v2.5 Base part for package epstopdf

(/usr/share/texmf-dist/tex/latex/oberdiek/grfext.sty
Package: grfext 2010/08/19 v1.1 Manage graphics extensions (HO)
)
Package grfext Info: Graphics extension search list:
(grfext)             [.png,.pdf,.jpg,.mps,.jpeg,.jbig2,.jb2,.PNG,.PDF,.JPG,.JPE
G,.JBIG2,.JB2,.eps]
(grfext)             \AppendGraphicsExtensions on input line 452.

(/usr/share/texmf-dist/tex/latex/latexconfig/epstopdf-sys.cfg
File: epstopdf-sys.cfg 2010/07/13 v1.3 Configuration of (r)epstopdf for TeX Liv
e
))
\c@lstlisting=\count143

*geometry* driver: auto-detecting
*geometry* detected driver: pdftex
*geometry* verbose mode - [ preamble ] result:
* driver: pdftex
* paper: <default>
* layout: <same size as paper>
* layoutoffset:(h,v)=(0.0pt,0.0pt)
* modes: 
* h-part:(L,W,R)=(72.26999pt, 469.75502pt, 72.26999pt)
* v-part:(T,H,B)=(72.26999pt, 650.43001pt, 72.26999pt)
* \paperwidth=614.295pt
* \paperheight=794.96999pt
* \textwidth=469.75502pt
* \textheight=650.43001pt
* \oddsidemargin=0.0pt
* \evensidemargin=0.0pt
* \topmargin=-33.342pt
* \headheight=12.0pt
* \headsep=21.342pt
* \topskip=12.0pt
* \footskip=25.80774pt
* \marginparwidth=20.0pt
* \marginparsep=10.0pt
* \columnsep=12.0pt
* \skip\footins=10.79993pt plus 4.79993pt minus 2.39996pt
* \hoffset=0.0pt
* \voffset=0.0pt
* \mag=1000
* \@twocolumntrue
* \@twosidefalse
* \@mparswitchfalse
* \@reversemarginfalse
* (1in=72.27pt=25.4mm, 1cm=28.453pt)

LaTeX Font Info:    Try loading font information for U+msa on input line 35.
(/usr/share/texmf-dist/tex/latex/amsfonts/umsa.fd
File: umsa.fd 2013/01/14 v3.01 AMS symbols A
)
LaTeX Font Info:    Try loading font information for U+msb on input line 35.

(/usr/share/texmf-dist/tex/latex/amsfonts/umsb.fd
File: umsb.fd 2013/01/14 v3.01 AMS symbols B
)
LaTeX Font Info:    Font shape `OT1/pbk/m/sc' in size <10> not available
(Font)              Font shape `OT1/pbk/l/sc' tried instead on input line 42.

<whale.png, id=58, 3083.52pt x 2055.68pt>
File: whale.png Graphic file (type png)
 <use whale.png>
Package pdftex.def Info: whale.png used on input line 79.
(pdftex.def)             Requested size: 185.00322pt x 123.33548pt.

<whale2.png, id=59, 3083.52pt x 2055.68pt>
File: whale2.png Graphic file (type png)
 <use whale2.png>
Package pdftex.def Info: whale2.png used on input line 88.
(pdftex.def)             Requested size: 185.00322pt x 123.33548pt.
 [1{/var/lib/texmf/fonts/map/pdftex/updmap/pdftex.map}


 <./whale.png> <./whale2.png>]
<box.png, id=80, 866.44583pt x 578.16pt>
File: box.png Graphic file (type png)
 <use box.png>
Package pdftex.def Info: box.png used on input line 122.
(pdftex.def)             Requested size: 173.28609pt x 115.62994pt.
LaTeX Font Info:    Try loading font information for OT1+pcr on input line 129.


(/usr/share/texmf-dist/tex/latex/psnfss/ot1pcr.fd
File: ot1pcr.fd 2001/06/04 font definitions for OT1/pcr.
) [2 <./box.png>]
<resized.png, id=96, 32.12pt x 30.1125pt>
File: resized.png Graphic file (type png)
 <use resized.png>
Package pdftex.def Info: resized.png used on input line 177.
(pdftex.def)             Requested size: 32.1199pt x 30.11241pt.

Underfull \hbox (badness 2005) in paragraph at lines 183--205
[]\OT1/pbk/l/n/10 The neu-ral net-work was im-ple-mented in
 []


Underfull \hbox (badness 6078) in paragraph at lines 183--205
\OT1/pbk/l/n/10 the Java pro-gram-ming lan-guage. It is a
 []

<detect.png, id=106, 960.15857pt x 611.51538pt>
File: detect.png Graphic file (type png)
 <use detect.png>
Package pdftex.def Info: detect.png used on input line 222.
(pdftex.def)             Requested size: 240.03905pt x 152.87846pt.

Overfull \hbox (11.16154pt too wide) in paragraph at lines 222--223
 [] 
 []

[3 <./resized.png> <./detect.png (PNG copy)>]
Underfull \hbox (badness 1596) in paragraph at lines 298--306
[]\OT1/pbk/l/n/10 The neu-ral net-work was writ-ten in Java
 []

[4] (./report.bbl

Package amsrefs Warning: No authors, editors or translators on input line 9.


Underfull \hbox (badness 10000) in paragraph at lines 9--9
[]\OT1/pbk/l/it/8 Cascade ob-ject de-tec-tor\OT1/pbk/l/n/8 . []$http : / / www 
. mathworks .
 []


Underfull \hbox (badness 10000) in paragraph at lines 9--9
\OT1/pbk/l/n/8 com / help / vision / ref / traincascadeobjectdetector .
 []


Package amsrefs Warning: No authors, editors or translators on input line 15.


Underfull \hbox (badness 10000) in paragraph at lines 15--15
[]\OT1/pbk/l/it/8 Creating a "face de-tec-tor" for whales\OT1/pbk/l/n/8 . []$ht
tp :
 []


Underfull \hbox (badness 10000) in paragraph at lines 15--15
\OT1/pbk/l/n/8 / / www . kaggle . com / c / noaa -[] right -[] whale -[] recogn
ition /
 []


Underfull \hbox (badness 10000) in paragraph at lines 15--15
\OT1/pbk/l/n/8 details / creating -[] a -[] face -[] detector -[] for -[] whale
s$[],
 []


Package amsrefs Warning: No authors, editors or translators on input line 21.


Underfull \hbox (badness 10000) in paragraph at lines 21--21
[]\OT1/pbk/l/it/8 Deep-belief net-works\OT1/pbk/l/n/8 . []$http : / / deeplearn
ing4j . org /
 []


Package amsrefs Warning: No authors, editors or translators on input line 26.


Underfull \hbox (badness 10000) in paragraph at lines 26--26
[]\OT1/pbk/l/it/8 Dl4j\OT1/pbk/l/n/8 . []$http : / / deeplearning4j . org/$[], 
Ac-cessed:
 []


Package amsrefs Warning: No authors, editors or translators on input line 32.

LaTeX Font Info:    Font shape `OT1/pbk/m/n' in size <6> not available
(Font)              Font shape `OT1/pbk/l/n' tried instead on input line 32.

Underfull \hbox (badness 10000) in paragraph at lines 32--32
[]\OT1/pbk/l/it/8 Face de-tec-tion us-ing haar cas-cades\OT1/pbk/l/n/8 . []$htt
p :
 []


Underfull \hbox (badness 10000) in paragraph at lines 32--32
\OT1/pbk/l/n/8 / / docs . opencv . org / master / d7 / d8b / tutorial[]py[]
 []


Underfull \hbox (badness 2591) in paragraph at lines 32--32
\OT1/pbk/l/n/8 face[]detection . html # gsc . tab = 0$[], Ac-cessed: 2015-10-
 []


Package amsrefs Warning: No authors, editors or translators on input line 38.


Underfull \hbox (badness 10000) in paragraph at lines 38--38
[]\OT1/pbk/l/it/8 Face de-tec-tion us-ing haar cas-cades\OT1/pbk/l/n/8 . []$htt
ps :
 []


Underfull \hbox (badness 10000) in paragraph at lines 38--38
\OT1/pbk/l/n/8 / / www . kaggle . com / c / noaa -[] right -[] whale -[] recogn
ition /
 []


Underfull \hbox (badness 10000) in paragraph at lines 38--38
\OT1/pbk/l/n/8 forums / t / 17016 / matlab -[] roi -[] and -[] opencv -[] class
i^^Ler$[],
 []


Package amsrefs Warning: No authors, editors or translators on input line 44.


Underfull \hbox (badness 10000) in paragraph at lines 44--44
[]\OT1/pbk/l/it/8 Facial re-con-struc-tion\OT1/pbk/l/n/8 . []$http : / / deeple
arning4j . org /
 []


Underfull \hbox (badness 10000) in paragraph at lines 44--44
\OT1/pbk/l/n/8 facial -[] reconstruction -[] tutorial . html$[], Ac-cessed:
 []


Package amsrefs Warning: No authors, editors or translators on input line 50.


Underfull \hbox (badness 10000) in paragraph at lines 50--50
[]\OT1/pbk/l/it/8 Identify en-dan-gered right whales in aerial
 []


Underfull \hbox (badness 6758) in paragraph at lines 50--50
\OT1/pbk/l/it/8 pho-tographs\OT1/pbk/l/n/8 . []$http : / / www . kaggle . com /
 c / noaa -[] right -[]
 []


Package amsrefs Warning: No authors, editors or translators on input line 56.


Underfull \hbox (badness 3965) in paragraph at lines 56--56
[]\OT1/pbk/l/it/8 Labeling im-ages for clas-si-fi-ca-tion model train-ing\OT1/p
bk/l/n/8 .
 []


Underfull \hbox (badness 10000) in paragraph at lines 56--56
[]$\OT1/pbk/l/n/8 http : / / www . mathworks . com / help / vision / ug / label
 -[]
 []


Underfull \hbox (badness 10000) in paragraph at lines 56--56
\OT1/pbk/l/n/8 images -[] for -[] classi^^Lcation -[] model -[] training . html
$[],
 []


Package amsrefs Warning: No authors, editors or translators on input line 61.


Package amsrefs Warning: No authors, editors or translators on input line 66.


Package amsrefs Warning: No authors, editors or translators on input line 71.


Underfull \hbox (badness 10000) in paragraph at lines 71--71
[]\OT1/pbk/l/it/8 Object recog-ni-tion for fun and profit\OT1/pbk/l/n/8 . []$ht
tps :
 []


Underfull \hbox (badness 10000) in paragraph at lines 71--71
\OT1/pbk/l/n/8 / / www . kaggle . com / c / noaa -[] right -[] whale -[] recogn
ition /
 []


Package amsrefs Warning: No authors, editors or translators on input line 76.


Underfull \hbox (badness 10000) in paragraph at lines 76--76
\OT1/pbk/l/n/8 com / anlthms / whale -[] 2015 / blob / master / object -[]
 []


Package amsrefs Warning: No authors, editors or translators on input line 82.


Underfull \hbox (badness 4048) in paragraph at lines 82--82
[]\OT1/pbk/l/it/8 Right whale recog-ni-tion data\OT1/pbk/l/n/8 . []$http : / / 
www . kaggle .
 []


Package amsrefs Warning: No authors, editors or translators on input line 88.


Underfull \hbox (badness 10000) in paragraph at lines 88--88
[]\OT1/pbk/l/it/8 Scaleout\OT1/pbk/l/n/8 . []$http : / / deeplearning4j . org /
 scaleout . html$[],
 []


Package amsrefs Warning: No authors, editors or translators on input line 94.


Underfull \hbox (badness 1924) in paragraph at lines 94--94
[]\OT1/pbk/l/it/8 Train a cas-cade ob-ject de-tec-tor\OT1/pbk/l/n/8 . []$www . 
mathworks .
 []


Underfull \hbox (badness 10000) in paragraph at lines 94--94
\OT1/pbk/l/n/8 com / help / vision / ug / train -[] a -[] cascade -[] object -[
]
 []


Package amsrefs Warning: No authors, editors or translators on input line 99.


Underfull \hbox (badness 10000) in paragraph at lines 99--99
[]\OT1/pbk/l/it/8 The well-dressed rec-om-men-da-tion en-gine\OT1/pbk/l/n/8 . [
]$http :
 []


Underfull \hbox (badness 10000) in paragraph at lines 99--99
\OT1/pbk/l/n/8 / / deeplearning4j . org / welldressed -[] recommendation -[]
 []


Underfull \hbox (badness 4608) in paragraph at lines 109--109
[]\OT1/pbk/l/n/8 Thomas M. Mitchell, \OT1/pbk/l/it/8 Ma-chine learn-ing\OT1/pbk
/l/n/8 , 1st ed.,
 []

) [5] (/usr/share/texmf-dist/tex/latex/listings/lstlang1.sty
File: lstlang1.sty 2015/06/04 1.6 listings language file
)
LaTeX Font Info:    Try loading font information for OML+pbk on input line 362.


(/usr/share/texmf-dist/tex/latex/psnfss/omlpbk.fd
File: omlpbk.fd 
)
LaTeX Font Info:    Font shape `OML/pbk/m/n' in size <8> not available
(Font)              Font shape `OML/cmm/m/it' tried instead on input line 362.
LaTeX Font Info:    Try loading font information for OMS+pbk on input line 363.


(/usr/share/texmf-dist/tex/latex/psnfss/omspbk.fd
File: omspbk.fd 
)
LaTeX Font Info:    Font shape `OMS/pbk/m/n' in size <8> not available
(Font)              Font shape `OMS/cmsy/m/n' tried instead on input line 363.
 [6

]
Underfull \vbox (badness 10000) has occurred while \output is active []

 [7]
Underfull \vbox (badness 10000) has occurred while \output is active []

 [8]
Package atveryend Info: Empty hook `BeforeClearDocument' on input line 627.

[9]
Package atveryend Info: Empty hook `AfterLastShipout' on input line 627.
 (./report.aux)
Package atveryend Info: Executing hook `AtVeryEndDocument' on input line 627.
Package atveryend Info: Executing hook `AtEndAfterFileList' on input line 627.
Package rerunfilecheck Info: File `report.out' has not changed.
(rerunfilecheck)             Checksum: CBE91FDB53032D5C20335EEF1440D808;705.
Package atveryend Info: Empty hook `AtVeryVeryEnd' on input line 627.
 ) 
Here is how much of TeX's memory you used:
 11725 strings out of 493054
 172898 string characters out of 6140585
 581957 words of memory out of 5000000
 14767 multiletter control sequences out of 15000+600000
 57505 words of font info for 134 fonts, out of 8000000 for 9000
 1141 hyphenation exceptions out of 8191
 36i,7n,42p,237b,1853s stack positions out of 5000i,500n,10000p,200000b,80000s
{/usr/share/texmf-dist/fonts/enc/dvips/base/8r.enc}</usr/share/texmf-dist/fon
ts/type1/public/amsfonts/cm/cmmi10.pfb></usr/share/texmf-dist/fonts/type1/publi
c/amsfonts/cm/cmmi7.pfb></usr/share/texmf-dist/fonts/type1/public/amsfonts/cm/c
mmi8.pfb></usr/share/texmf-dist/fonts/type1/public/amsfonts/cm/cmr10.pfb></usr/
share/texmf-dist/fonts/type1/public/amsfonts/cm/cmr9.pfb></usr/share/texmf-dist
/fonts/type1/public/amsfonts/cm/cmsy10.pfb></usr/share/texmf-dist/fonts/type1/p
ublic/amsfonts/cm/cmsy8.pfb></usr/share/texmf-dist/fonts/type1/urw/bookman/ubkd
8a.pfb></usr/share/texmf-dist/fonts/type1/urw/bookman/ubkdi8a.pfb></usr/share/t
exmf-dist/fonts/type1/urw/bookman/ubkl8a.pfb></usr/share/texmf-dist/fonts/type1
/urw/bookman/ubkli8a.pfb></usr/share/texmf-dist/fonts/type1/urw/courier/ucrr8a.
pfb>
Output written on report.pdf (9 pages, 4459080 bytes).
PDF statistics:
 594 PDF objects out of 1000 (max. 8388607)
 560 compressed objects within 6 object streams
 324 named destinations out of 1000 (max. 500000)
 122 words of extra memory for PDF output out of 10000 (max. 10000000)

